<?xml version="1.0" encoding="UTF-8"?>
<!-- Generated by org.testng.reporters.JUnitReportReporter -->
<testsuite skipped="0" hostname="LAPTOP-DTHLJCUF" name="LoadTest01" tests="1" failures="0" timestamp="05 juil. 2018 09:02:30 GMT" time="4.529" errors="0">
  <testcase name="verifySearchButton" time="4.529" classname="LoadTest01"/>
</testsuite> <!-- LoadTest01 -->
