<?xml version="1.0" encoding="UTF-8"?>
<!-- Generated by org.testng.reporters.JUnitReportReporter -->
<testsuite skipped="0" hostname="LAPTOP-DTHLJCUF" name="com.test.LoadTest01" tests="1" failures="0" timestamp="05 juil. 2018 09:14:07 GMT" time="5.150" errors="0">
  <testcase name="verifySearchButton" time="5.150" classname="com.test.LoadTest01"/>
</testsuite> <!-- com.test.LoadTest01 -->
